# JRE version: OpenJDK Runtime Environment (7.0_95) (build 1.7.0_95-b00)
# Java VM: OpenJDK 64-Bit Server VM (24.95-b01 mixed mode linux-amd64 compressed oops)
Heap
 PSYoungGen      total 143360K, used 2898K [0x00000000f2200000, 0x00000000fb700000, 0x0000000100000000)
  eden space 134144K, 0% used [0x00000000f2200000,0x00000000f2200000,0x00000000fa500000)
  from space 9216K, 31% used [0x00000000fa500000,0x00000000fa7d4bf0,0x00000000fae00000)
  to   space 9216K, 0% used [0x00000000fae00000,0x00000000fae00000,0x00000000fb700000)
 ParOldGen       total 32256K, used 26363K [0x00000000d6600000, 0x00000000d8580000, 0x00000000f2200000)
  object space 32256K, 81% used [0x00000000d6600000,0x00000000d7fbef68,0x00000000d8580000)
 PSPermGen       total 32256K, used 20424K [0x00000000cc000000, 0x00000000cdf80000, 0x00000000d6600000)
  object space 32256K, 63% used [0x00000000cc000000,0x00000000cd3f2190,0x00000000cdf80000)
GC Heap History (10 events):
Event: 7.115 GC heap after
Heap after GC invocations=9 (full 0):
 PSYoungGen      total 68096K, used 3584K [0x00000000f2200000, 0x00000000f9100000, 0x0000000100000000)
  eden space 64512K, 0% used [0x00000000f2200000,0x00000000f2200000,0x00000000f6100000)
  from space 3584K, 100% used [0x00000000f6100000,0x00000000f6480000,0x00000000f6480000)
  to   space 5120K, 0% used [0x00000000f8c00000,0x00000000f8c00000,0x00000000f9100000)
 ParOldGen       total 19968K, used 11239K [0x00000000d6600000, 0x00000000d7980000, 0x00000000f2200000)
  object space 19968K, 56% used [0x00000000d6600000,0x00000000d70f9d78,0x00000000d7980000)
 PSPermGen       total 21504K, used 15371K [0x00000000cc000000, 0x00000000cd500000, 0x00000000d6600000)
  object space 21504K, 71% used [0x00000000cc000000,0x00000000ccf02c18,0x00000000cd500000)
}
Event: 7.533 GC heap before
{Heap before GC invocations=10 (full 0):
 PSYoungGen      total 68096K, used 68096K [0x00000000f2200000, 0x00000000f9100000, 0x0000000100000000)
  eden space 64512K, 100% used [0x00000000f2200000,0x00000000f6100000,0x00000000f6100000)
  from space 3584K, 100% used [0x00000000f6100000,0x00000000f6480000,0x00000000f6480000)
  to   space 5120K, 0% used [0x00000000f8c00000,0x00000000f8c00000,0x00000000f9100000)
 ParOldGen       total 19968K, used 11239K [0x00000000d6600000, 0x00000000d7980000, 0x00000000f2200000)
  object space 19968K, 56% used [0x00000000d6600000,0x00000000d70f9d78,0x00000000d7980000)
 PSPermGen       total 21504K, used 15953K [0x00000000cc000000, 0x00000000cd500000, 0x00000000d6600000)
  object space 21504K, 74% used [0x00000000cc000000,0x00000000ccf944f8,0x00000000cd500000)
Event: 7.566 GC heap after
Heap after GC invocations=10 (full 0):
 PSYoungGen      total 105984K, used 5120K [0x00000000f2200000, 0x00000000f9600000, 0x0000000100000000)
  eden space 100864K, 0% used [0x00000000f2200000,0x00000000f2200000,0x00000000f8480000)
  from space 5120K, 100% used [0x00000000f8c00000,0x00000000f9100000,0x00000000f9100000)
  to   space 7680K, 0% used [0x00000000f8480000,0x00000000f8480000,0x00000000f8c00000)
 ParOldGen       total 19968K, used 16770K [0x00000000d6600000, 0x00000000d7980000, 0x00000000f2200000)
  object space 19968K, 83% used [0x00000000d6600000,0x00000000d7660ba0,0x00000000d7980000)
 PSPermGen       total 21504K, used 15953K [0x00000000cc000000, 0x00000000cd500000, 0x00000000d6600000)
  object space 21504K, 74% used [0x00000000cc000000,0x00000000ccf944f8,0x00000000cd500000)
}
Event: 7.566 GC heap before
{Heap before GC invocations=11 (full 1):
 PSYoungGen      total 105984K, used 5120K [0x00000000f2200000, 0x00000000f9600000, 0x0000000100000000)
  eden space 100864K, 0% used [0x00000000f2200000,0x00000000f2200000,0x00000000f8480000)
  from space 5120K, 100% used [0x00000000f8c00000,0x00000000f9100000,0x00000000f9100000)
  to   space 7680K, 0% used [0x00000000f8480000,0x00000000f8480000,0x00000000f8c00000)
 ParOldGen       total 19968K, used 16770K [0x00000000d6600000, 0x00000000d7980000, 0x00000000f2200000)
  object space 19968K, 83% used [0x00000000d6600000,0x00000000d7660ba0,0x00000000d7980000)
 PSPermGen       total 21504K, used 15953K [0x00000000cc000000, 0x00000000cd500000, 0x00000000d6600000)
  object space 21504K, 74% used [0x00000000cc000000,0x00000000ccf944f8,0x00000000cd500000)
Event: 7.797 GC heap after
Heap after GC invocations=11 (full 1):
 PSYoungGen      total 105984K, used 0K [0x00000000f2200000, 0x00000000f9600000, 0x0000000100000000)
  eden space 100864K, 0% used [0x00000000f2200000,0x00000000f2200000,0x00000000f8480000)
  from space 5120K, 0% used [0x00000000f8c00000,0x00000000f8c00000,0x00000000f9100000)
  to   space 7680K, 0% used [0x00000000f8480000,0x00000000f8480000,0x00000000f8c00000)
 ParOldGen       total 32256K, used 15828K [0x00000000d6600000, 0x00000000d8580000, 0x00000000f2200000)
  object space 32256K, 49% used [0x00000000d6600000,0x00000000d7575300,0x00000000d8580000)
 PSPermGen       total 32256K, used 15943K [0x00000000cc000000, 0x00000000cdf80000, 0x00000000d6600000)
  object space 32256K, 49% used [0x00000000cc000000,0x00000000ccf91c10,0x00000000cdf80000)
}
Event: 8.378 GC heap before
{Heap before GC invocations=12 (full 1):
 PSYoungGen      total 105984K, used 100864K [0x00000000f2200000, 0x00000000f9600000, 0x0000000100000000)
  eden space 100864K, 100% used [0x00000000f2200000,0x00000000f8480000,0x00000000f8480000)
  from space 5120K, 0% used [0x00000000f8c00000,0x00000000f8c00000,0x00000000f9100000)
  to   space 7680K, 0% used [0x00000000f8480000,0x00000000f8480000,0x00000000f8c00000)
 ParOldGen       total 32256K, used 15828K [0x00000000d6600000, 0x00000000d8580000, 0x00000000f2200000)
  object space 32256K, 49% used [0x00000000d6600000,0x00000000d7575300,0x00000000d8580000)
 PSPermGen       total 32256K, used 16404K [0x00000000cc000000, 0x00000000cdf80000, 0x00000000d6600000)
  object space 32256K, 50% used [0x00000000cc000000,0x00000000cd0053e8,0x00000000cdf80000)
Event: 8.407 GC heap after
Heap after GC invocations=12 (full 1):
 PSYoungGen      total 108544K, used 7664K [0x00000000f2200000, 0x00000000fb700000, 0x0000000100000000)
  eden space 100864K, 0% used [0x00000000f2200000,0x00000000f2200000,0x00000000f8480000)
  from space 7680K, 99% used [0x00000000f8480000,0x00000000f8bfc030,0x00000000f8c00000)
  to   space 9216K, 0% used [0x00000000fae00000,0x00000000fae00000,0x00000000fb700000)
 ParOldGen       total 32256K, used 16769K [0x00000000d6600000, 0x00000000d8580000, 0x00000000f2200000)
  object space 32256K, 51% used [0x00000000d6600000,0x00000000d76604a8,0x00000000d8580000)
 PSPermGen       total 32256K, used 16404K [0x00000000cc000000, 0x00000000cdf80000, 0x00000000d6600000)
  object space 32256K, 50% used [0x00000000cc000000,0x00000000cd0053e8,0x00000000cdf80000)
}
Event: 9.598 GC heap before
{Heap before GC invocations=13 (full 1):
 PSYoungGen      total 108544K, used 108528K [0x00000000f2200000, 0x00000000fb700000, 0x0000000100000000)
  eden space 100864K, 100% used [0x00000000f2200000,0x00000000f8480000,0x00000000f8480000)
  from space 7680K, 99% used [0x00000000f8480000,0x00000000f8bfc030,0x00000000f8c00000)
  to   space 9216K, 0% used [0x00000000fae00000,0x00000000fae00000,0x00000000fb700000)
 ParOldGen       total 32256K, used 16769K [0x00000000d6600000, 0x00000000d8580000, 0x00000000f2200000)
  object space 32256K, 51% used [0x00000000d6600000,0x00000000d76604a8,0x00000000d8580000)
 PSPermGen       total 32256K, used 18044K [0x00000000cc000000, 0x00000000cdf80000, 0x00000000d6600000)
  object space 32256K, 55% used [0x00000000cc000000,0x00000000cd19f050,0x00000000cdf80000)
Event: 9.640 GC heap after
Heap after GC invocations=13 (full 1):
 PSYoungGen      total 143360K, used 2480K [0x00000000f2200000, 0x00000000fb700000, 0x0000000100000000)
  eden space 134144K, 0% used [0x00000000f2200000,0x00000000f2200000,0x00000000fa500000)
  from space 9216K, 26% used [0x00000000fae00000,0x00000000fb06c010,0x00000000fb700000)
  to   space 9216K, 0% used [0x00000000fa500000,0x00000000fa500000,0x00000000fae00000)
 ParOldGen       total 32256K, used 24188K [0x00000000d6600000, 0x00000000d8580000, 0x00000000f2200000)
  object space 32256K, 74% used [0x00000000d6600000,0x00000000d7d9f008,0x00000000d8580000)
 PSPermGen       total 32256K, used 18044K [0x00000000cc000000, 0x00000000cdf80000, 0x00000000d6600000)
  object space 32256K, 55% used [0x00000000cc000000,0x00000000cd19f050,0x00000000cdf80000)
}
Event: 11.449 GC heap before
{Heap before GC invocations=14 (full 1):
 PSYoungGen      total 143360K, used 136624K [0x00000000f2200000, 0x00000000fb700000, 0x0000000100000000)
  eden space 134144K, 100% used [0x00000000f2200000,0x00000000fa500000,0x00000000fa500000)
  from space 9216K, 26% used [0x00000000fae00000,0x00000000fb06c010,0x00000000fb700000)
  to   space 9216K, 0% used [0x00000000fa500000,0x00000000fa500000,0x00000000fae00000)
 ParOldGen       total 32256K, used 24188K [0x00000000d6600000, 0x00000000d8580000, 0x00000000f2200000)
  object space 32256K, 74% used [0x00000000d6600000,0x00000000d7d9f008,0x00000000d8580000)
 PSPermGen       total 32256K, used 20424K [0x00000000cc000000, 0x00000000cdf80000, 0x00000000d6600000)
  object space 32256K, 63% used [0x00000000cc000000,0x00000000cd3f2190,0x00000000cdf80000)

